<?xml version="1.0" encoding="UTF-8"?>
<!-- Generated by org.testng.reporters.JUnitReportReporter -->
<testsuite hostname="POOLW49ZLPC0155" failures="0" tests="8" name="TestCase.AddCoupon_TC" time="281.674" errors="0" timestamp="2022-12-09T12:02:25 IST" skipped="0">
  <testcase classname="TestCase.AddCoupon_TC" name="valid_1" time="46.866"/>
  <system-out/>
  <testcase classname="TestCase.AddCoupon_TC" name="invalid_1" time="28.196"/>
  <system-out/>
  <testcase classname="TestCase.AddCoupon_TC" name="number_1" time="36.245"/>
  <system-out/>
  <testcase classname="TestCase.AddCoupon_TC" name="specialcharacter_1" time="28.181"/>
  <system-out/>
  <testcase classname="TestCase.AddCoupon_TC" name="lesschar_1" time="44.094"/>
  <system-out/>
  <testcase classname="TestCase.AddCoupon_TC" name="blank_1" time="36.433"/>
  <system-out/>
  <testcase classname="TestCase.AddCoupon_TC" name="space_1" time="28.557"/>
  <system-out/>
  <testcase classname="TestCase.AddCoupon_TC" name="alphanumeric_1" time="33.102"/>
  <system-out/>
</testsuite> <!-- TestCase.AddCoupon_TC -->
