<?xml version="1.0" encoding="UTF-8"?>
<!-- Generated by org.testng.reporters.JUnitReportReporter -->
<testsuite hostname="POOLW49ZLPC0155" failures="0" tests="2" name="ApiQuestion.Question10" time="2.941" errors="0" timestamp="2022-12-09T16:52:52 IST" skipped="0">
  <testcase classname="ApiQuestion.Question10" name="loginuser1" time="0.378"/>
  <system-out/>
  <testcase classname="ApiQuestion.Question10" name="loginuser" time="2.563"/>
  <system-out/>
</testsuite> <!-- ApiQuestion.Question10 -->
