<?xml version="1.0" encoding="UTF-8"?>
<!-- Generated by org.testng.reporters.JUnitReportReporter -->
<testsuite hostname="POOLW49ZLPC0155" failures="0" tests="7" name="TestCase.Update_TC" time="229.363" errors="0" timestamp="2022-12-09T13:35:53 IST" skipped="0">
  <testcase classname="TestCase.Update_TC" name="valid_1" time="27.499"/>
  <system-out/>
  <testcase classname="TestCase.Update_TC" name="invalid_1" time="48.783"/>
  <system-out/>
  <testcase classname="TestCase.Update_TC" name="number_1" time="35.072"/>
  <system-out/>
  <testcase classname="TestCase.Update_TC" name="specialcharacter_1" time="33.025"/>
  <system-out/>
  <testcase classname="TestCase.Update_TC" name="lesschar_1" time="25.461"/>
  <system-out/>
  <testcase classname="TestCase.Update_TC" name="blank_1" time="33.210"/>
  <system-out/>
  <testcase classname="TestCase.Update_TC" name="pic_valid" time="26.313"/>
  <system-out/>
</testsuite> <!-- TestCase.Update_TC -->
